<?xml version="1.0" encoding="UTF-8"?>
<!-- Generated by org.testng.reporters.JUnitReportReporter -->
<testsuite hostname="Ganesha-11" failures="0" tests="4" name="com.testing.MarkAsRead_TestFile" time="17.015" errors="0" timestamp="2022-11-30T17:44:11 EST" skipped="0">
  <testcase classname="com.testing.MarkAsRead_TestFile" name="TC003Test" time="5.334"/>
  <system-out/>
  <testcase classname="com.testing.MarkAsRead_TestFile" name="TC005Test" time="4.174"/>
  <system-out/>
  <testcase classname="com.testing.MarkAsRead_TestFile" name="TC004Test" time="2.227"/>
  <system-out/>
  <testcase classname="com.testing.MarkAsRead_TestFile" name="TC001Test" time="5.280"/>
  <system-out/>
</testsuite> <!-- com.testing.MarkAsRead_TestFile -->
