<?xml version="1.0" encoding="UTF-8"?>
<!-- Generated by org.testng.reporters.JUnitReportReporter -->
<testsuite hostname="Ganesha-11" failures="0" tests="2" name="com.testing.ComposeEmail_TestFile" time="17.703" errors="0" timestamp="2022-12-30T22:32:04 EST" skipped="0">
  <testcase classname="com.testing.ComposeEmail_TestFile" name="beforeMethod" time="10.458"/>
  <system-out/>
  <testcase classname="com.testing.ComposeEmail_TestFile" name="createNewEmail" time="7.245"/>
  <system-out/>
</testsuite> <!-- com.testing.ComposeEmail_TestFile -->
